<?xml version="1.0" encoding="UTF-8"?>
<testsuite xmlns:xsi="http://www.w3.org/2001/XMLSchema-instance" xsi:noNamespaceSchemaLocation="https://maven.apache.org/surefire/maven-surefire-plugin/xsd/surefire-test-report-3.0.xsd" version="3.0" name="hello.HelloTest" time="2.589" tests="4" errors="0" skipped="0" failures="1">
  <properties>
    <property name="sun.desktop" value="windows"/>
    <property name="awt.toolkit" value="sun.awt.windows.WToolkit"/>
    <property name="file.encoding.pkg" value="sun.io"/>
    <property name="java.specification.version" value="1.8"/>
    <property name="sun.cpu.isalist" value="amd64"/>
    <property name="sun.jnu.encoding" value="Cp1250"/>
    <property name="java.class.path" value="D:\probafeladat\teszteles\anagram\target\test-classes;D:\probafeladat\teszteles\anagram\target\classes;C:\Users\DAVID\.m2\repository\com\google\code\gson\gson\2.10.1\gson-2.10.1.jar;C:\Users\DAVID\.m2\repository\org\jetbrains\kotlin\kotlin-stdlib-jdk8\1.9.22\kotlin-stdlib-jdk8-1.9.22.jar;C:\Users\DAVID\.m2\repository\org\jetbrains\kotlin\kotlin-stdlib\1.9.22\kotlin-stdlib-1.9.22.jar;C:\Users\DAVID\.m2\repository\org\jetbrains\annotations\13.0\annotations-13.0.jar;C:\Users\DAVID\.m2\repository\org\jetbrains\kotlin\kotlin-stdlib-jdk7\1.9.22\kotlin-stdlib-jdk7-1.9.22.jar;C:\Users\DAVID\.m2\repository\javax\javaee-api\8.0.1\javaee-api-8.0.1.jar;C:\Users\DAVID\.m2\repository\com\sun\mail\javax.mail\1.6.2\javax.mail-1.6.2.jar;C:\Users\DAVID\.m2\repository\javax\activation\activation\1.1\activation-1.1.jar;C:\Users\DAVID\.m2\repository\org\json\json\20231013\json-20231013.jar;C:\Users\DAVID\.m2\repository\com\google\guava\guava\33.0.0-jre\guava-33.0.0-jre.jar;C:\Users\DAVID\.m2\repository\com\google\guava\failureaccess\1.0.2\failureaccess-1.0.2.jar;C:\Users\DAVID\.m2\repository\com\google\guava\listenablefuture\9999.0-empty-to-avoid-conflict-with-guava\listenablefuture-9999.0-empty-to-avoid-conflict-with-guava.jar;C:\Users\DAVID\.m2\repository\com\google\code\findbugs\jsr305\3.0.2\jsr305-3.0.2.jar;C:\Users\DAVID\.m2\repository\org\checkerframework\checker-qual\3.41.0\checker-qual-3.41.0.jar;C:\Users\DAVID\.m2\repository\com\google\errorprone\error_prone_annotations\2.23.0\error_prone_annotations-2.23.0.jar;C:\Users\DAVID\.m2\repository\com\google\j2objc\j2objc-annotations\2.8\j2objc-annotations-2.8.jar;C:\Users\DAVID\.m2\repository\org\eclipse\jdt\org.eclipse.jdt.annotation\2.2.800\org.eclipse.jdt.annotation-2.2.800.jar;C:\Users\DAVID\.m2\repository\junit\junit\4.13.2\junit-4.13.2.jar;C:\Users\DAVID\.m2\repository\org\hamcrest\hamcrest-core\1.3\hamcrest-core-1.3.jar;C:\Users\DAVID\.m2\repository\org\hamcrest\hamcrest\2.2\hamcrest-2.2.jar;C:\Users\DAVID\.m2\repository\uk\co\datumedge\hamcrest-json\0.3\hamcrest-json-0.3.jar;C:\Users\DAVID\.m2\repository\org\skyscreamer\jsonassert\1.5.1\jsonassert-1.5.1.jar;C:\Users\DAVID\.m2\repository\com\vaadin\external\google\android-json\0.0.20131108.vaadin1\android-json-0.0.20131108.vaadin1.jar;C:\Users\DAVID\.m2\repository\org\mockito\mockito-core\5.9.0\mockito-core-5.9.0.jar;C:\Users\DAVID\.m2\repository\net\bytebuddy\byte-buddy\1.14.11\byte-buddy-1.14.11.jar;C:\Users\DAVID\.m2\repository\net\bytebuddy\byte-buddy-agent\1.14.11\byte-buddy-agent-1.14.11.jar;C:\Users\DAVID\.m2\repository\org\objenesis\objenesis\3.3\objenesis-3.3.jar;C:\Users\DAVID\.m2\repository\org\jglue\cdi-unit\cdi-unit\4.1.0\cdi-unit-4.1.0.jar;C:\Users\DAVID\.m2\repository\org\javassist\javassist\3.18.1-GA\javassist-3.18.1-GA.jar;C:\Users\DAVID\.m2\repository\io\github\classgraph\classgraph\4.1.2\classgraph-4.1.2.jar;C:\Users\DAVID\.m2\repository\org\slf4j\slf4j-api\1.7.5\slf4j-api-1.7.5.jar;C:\Users\DAVID\.m2\repository\org\apache\deltaspike\core\deltaspike-core-impl\1.0.1\deltaspike-core-impl-1.0.1.jar;C:\Users\DAVID\.m2\repository\org\apache\deltaspike\core\deltaspike-core-api\1.0.1\deltaspike-core-api-1.0.1.jar;C:\Users\DAVID\.m2\repository\org\jboss\resteasy\resteasy-jaxrs\3.0.14.Final\resteasy-jaxrs-3.0.14.Final.jar;C:\Users\DAVID\.m2\repository\org\jboss\spec\javax\ws\rs\jboss-jaxrs-api_2.0_spec\1.0.0.Final\jboss-jaxrs-api_2.0_spec-1.0.0.Final.jar;C:\Users\DAVID\.m2\repository\org\jboss\spec\javax\annotation\jboss-annotations-api_1.2_spec\1.0.0.Final\jboss-annotations-api_1.2_spec-1.0.0.Final.jar;C:\Users\DAVID\.m2\repository\net\jcip\jcip-annotations\1.0\jcip-annotations-1.0.jar;C:\Users\DAVID\.m2\repository\org\jboss\weld\se\weld-se-core\6.0.0.Alpha1\weld-se-core-6.0.0.Alpha1.jar;C:\Users\DAVID\.m2\repository\org\jboss\weld\environment\weld-environment-common\6.0.0.Alpha1\weld-environment-common-6.0.0.Alpha1.jar;C:\Users\DAVID\.m2\repository\org\jboss\weld\weld-lite-extension-translator\6.0.0.Alpha1\weld-lite-extension-translator-6.0.0.Alpha1.jar;C:\Users\DAVID\.m2\repository\jakarta\interceptor\jakarta.interceptor-api\2.2.0-RC1\jakarta.interceptor-api-2.2.0-RC1.jar;C:\Users\DAVID\.m2\repository\org\jboss\logging\jboss-logging-processor\2.2.1.Final\jboss-logging-processor-2.2.1.Final.jar;C:\Users\DAVID\.m2\repository\org\jboss\logging\jboss-logging-annotations\2.2.1.Final\jboss-logging-annotations-2.2.1.Final.jar;C:\Users\DAVID\.m2\repository\org\jboss\jdeparser\jdeparser\2.0.3.Final\jdeparser-2.0.3.Final.jar;C:\Users\DAVID\.m2\repository\jakarta\enterprise\jakarta.enterprise.cdi-api\4.1.0.Alpha1\jakarta.enterprise.cdi-api-4.1.0.Alpha1.jar;C:\Users\DAVID\.m2\repository\jakarta\enterprise\jakarta.enterprise.lang-model\4.1.0.Alpha1\jakarta.enterprise.lang-model-4.1.0.Alpha1.jar;C:\Users\DAVID\.m2\repository\jakarta\annotation\jakarta.annotation-api\2.1.0\jakarta.annotation-api-2.1.0.jar;C:\Users\DAVID\.m2\repository\jakarta\inject\jakarta.inject-api\2.0.1\jakarta.inject-api-2.0.1.jar;C:\Users\DAVID\.m2\repository\org\jboss\classfilewriter\jboss-classfilewriter\1.3.0.Final\jboss-classfilewriter-1.3.0.Final.jar;C:\Users\DAVID\.m2\repository\org\jboss\weld\module\weld-web\6.0.0.Alpha1\weld-web-6.0.0.Alpha1.jar;C:\Users\DAVID\.m2\repository\org\jboss\weld\weld-api\6.0.Alpha1\weld-api-6.0.Alpha1.jar;C:\Users\DAVID\.m2\repository\org\jboss\weld\weld-core-impl\6.0.0.Alpha1\weld-core-impl-6.0.0.Alpha1.jar;C:\Users\DAVID\.m2\repository\org\jboss\weld\weld-spi\6.0.Alpha1\weld-spi-6.0.Alpha1.jar;C:\Users\DAVID\.m2\repository\jakarta\el\jakarta.el-api\5.0.1\jakarta.el-api-5.0.1.jar;C:\Users\DAVID\.m2\repository\org\jboss\logging\jboss-logging\3.5.0.Final\jboss-logging-3.5.0.Final.jar;C:\Users\DAVID\.m2\repository\org\apache\commons\commons-lang3\3.7\commons-lang3-3.7.jar;C:\Users\DAVID\.m2\repository\com\mashape\unirest\unirest-java\1.4.9\unirest-java-1.4.9.jar;C:\Users\DAVID\.m2\repository\org\apache\httpcomponents\httpclient\4.5.2\httpclient-4.5.2.jar;C:\Users\DAVID\.m2\repository\org\apache\httpcomponents\httpcore\4.4.4\httpcore-4.4.4.jar;C:\Users\DAVID\.m2\repository\commons-logging\commons-logging\1.2\commons-logging-1.2.jar;C:\Users\DAVID\.m2\repository\commons-codec\commons-codec\1.9\commons-codec-1.9.jar;C:\Users\DAVID\.m2\repository\org\apache\httpcomponents\httpasyncclient\4.1.1\httpasyncclient-4.1.1.jar;C:\Users\DAVID\.m2\repository\org\apache\httpcomponents\httpcore-nio\4.4.4\httpcore-nio-4.4.4.jar;C:\Users\DAVID\.m2\repository\org\apache\httpcomponents\httpmime\4.5.2\httpmime-4.5.2.jar;C:\Users\DAVID\.m2\repository\com\squareup\okhttp3\okhttp\5.0.0-alpha.12\okhttp-5.0.0-alpha.12.jar;C:\Users\DAVID\.m2\repository\com\squareup\okhttp3\okhttp-jvm\5.0.0-alpha.12\okhttp-jvm-5.0.0-alpha.12.jar;C:\Users\DAVID\.m2\repository\com\squareup\okio\okio-jvm\3.7.0\okio-jvm-3.7.0.jar;C:\Users\DAVID\.m2\repository\com\squareup\okio\okio\2.2.2\okio-2.2.2.jar;C:\Users\DAVID\.m2\repository\commons-io\commons-io\2.15.1\commons-io-2.15.1.jar;"/>
    <property name="java.vm.vendor" value="Temurin"/>
    <property name="sun.arch.data.model" value="64"/>
    <property name="user.variant" value=""/>
    <property name="java.vendor.url" value="https://adoptium.net/"/>
    <property name="user.timezone" value="Europe/Prague"/>
    <property name="user.country.format" value="HU"/>
    <property name="java.vm.specification.version" value="1.8"/>
    <property name="os.name" value="Windows 10"/>
    <property name="user.country" value="GB"/>
    <property name="sun.java.launcher" value="SUN_STANDARD"/>
    <property name="sun.boot.library.path" value="C:\Users\DAVID\.jdks\temurin-1.8.0_402\jre\bin"/>
    <property name="sun.java.command" value="C:\Users\DAVID\AppData\Local\Temp\surefire2364166866533804630\surefirebooter-20240124175209020_3.jar C:\Users\DAVID\AppData\Local\Temp\surefire2364166866533804630 2024-01-24T17-52-08_782-jvmRun1 surefire-20240124175209020_1tmp surefire_0-20240124175209020_2tmp"/>
    <property name="surefire.test.class.path" value="D:\probafeladat\teszteles\anagram\target\test-classes;D:\probafeladat\teszteles\anagram\target\classes;C:\Users\DAVID\.m2\repository\com\google\code\gson\gson\2.10.1\gson-2.10.1.jar;C:\Users\DAVID\.m2\repository\org\jetbrains\kotlin\kotlin-stdlib-jdk8\1.9.22\kotlin-stdlib-jdk8-1.9.22.jar;C:\Users\DAVID\.m2\repository\org\jetbrains\kotlin\kotlin-stdlib\1.9.22\kotlin-stdlib-1.9.22.jar;C:\Users\DAVID\.m2\repository\org\jetbrains\annotations\13.0\annotations-13.0.jar;C:\Users\DAVID\.m2\repository\org\jetbrains\kotlin\kotlin-stdlib-jdk7\1.9.22\kotlin-stdlib-jdk7-1.9.22.jar;C:\Users\DAVID\.m2\repository\javax\javaee-api\8.0.1\javaee-api-8.0.1.jar;C:\Users\DAVID\.m2\repository\com\sun\mail\javax.mail\1.6.2\javax.mail-1.6.2.jar;C:\Users\DAVID\.m2\repository\javax\activation\activation\1.1\activation-1.1.jar;C:\Users\DAVID\.m2\repository\org\json\json\20231013\json-20231013.jar;C:\Users\DAVID\.m2\repository\com\google\guava\guava\33.0.0-jre\guava-33.0.0-jre.jar;C:\Users\DAVID\.m2\repository\com\google\guava\failureaccess\1.0.2\failureaccess-1.0.2.jar;C:\Users\DAVID\.m2\repository\com\google\guava\listenablefuture\9999.0-empty-to-avoid-conflict-with-guava\listenablefuture-9999.0-empty-to-avoid-conflict-with-guava.jar;C:\Users\DAVID\.m2\repository\com\google\code\findbugs\jsr305\3.0.2\jsr305-3.0.2.jar;C:\Users\DAVID\.m2\repository\org\checkerframework\checker-qual\3.41.0\checker-qual-3.41.0.jar;C:\Users\DAVID\.m2\repository\com\google\errorprone\error_prone_annotations\2.23.0\error_prone_annotations-2.23.0.jar;C:\Users\DAVID\.m2\repository\com\google\j2objc\j2objc-annotations\2.8\j2objc-annotations-2.8.jar;C:\Users\DAVID\.m2\repository\org\eclipse\jdt\org.eclipse.jdt.annotation\2.2.800\org.eclipse.jdt.annotation-2.2.800.jar;C:\Users\DAVID\.m2\repository\junit\junit\4.13.2\junit-4.13.2.jar;C:\Users\DAVID\.m2\repository\org\hamcrest\hamcrest-core\1.3\hamcrest-core-1.3.jar;C:\Users\DAVID\.m2\repository\org\hamcrest\hamcrest\2.2\hamcrest-2.2.jar;C:\Users\DAVID\.m2\repository\uk\co\datumedge\hamcrest-json\0.3\hamcrest-json-0.3.jar;C:\Users\DAVID\.m2\repository\org\skyscreamer\jsonassert\1.5.1\jsonassert-1.5.1.jar;C:\Users\DAVID\.m2\repository\com\vaadin\external\google\android-json\0.0.20131108.vaadin1\android-json-0.0.20131108.vaadin1.jar;C:\Users\DAVID\.m2\repository\org\mockito\mockito-core\5.9.0\mockito-core-5.9.0.jar;C:\Users\DAVID\.m2\repository\net\bytebuddy\byte-buddy\1.14.11\byte-buddy-1.14.11.jar;C:\Users\DAVID\.m2\repository\net\bytebuddy\byte-buddy-agent\1.14.11\byte-buddy-agent-1.14.11.jar;C:\Users\DAVID\.m2\repository\org\objenesis\objenesis\3.3\objenesis-3.3.jar;C:\Users\DAVID\.m2\repository\org\jglue\cdi-unit\cdi-unit\4.1.0\cdi-unit-4.1.0.jar;C:\Users\DAVID\.m2\repository\org\javassist\javassist\3.18.1-GA\javassist-3.18.1-GA.jar;C:\Users\DAVID\.m2\repository\io\github\classgraph\classgraph\4.1.2\classgraph-4.1.2.jar;C:\Users\DAVID\.m2\repository\org\slf4j\slf4j-api\1.7.5\slf4j-api-1.7.5.jar;C:\Users\DAVID\.m2\repository\org\apache\deltaspike\core\deltaspike-core-impl\1.0.1\deltaspike-core-impl-1.0.1.jar;C:\Users\DAVID\.m2\repository\org\apache\deltaspike\core\deltaspike-core-api\1.0.1\deltaspike-core-api-1.0.1.jar;C:\Users\DAVID\.m2\repository\org\jboss\resteasy\resteasy-jaxrs\3.0.14.Final\resteasy-jaxrs-3.0.14.Final.jar;C:\Users\DAVID\.m2\repository\org\jboss\spec\javax\ws\rs\jboss-jaxrs-api_2.0_spec\1.0.0.Final\jboss-jaxrs-api_2.0_spec-1.0.0.Final.jar;C:\Users\DAVID\.m2\repository\org\jboss\spec\javax\annotation\jboss-annotations-api_1.2_spec\1.0.0.Final\jboss-annotations-api_1.2_spec-1.0.0.Final.jar;C:\Users\DAVID\.m2\repository\net\jcip\jcip-annotations\1.0\jcip-annotations-1.0.jar;C:\Users\DAVID\.m2\repository\org\jboss\weld\se\weld-se-core\6.0.0.Alpha1\weld-se-core-6.0.0.Alpha1.jar;C:\Users\DAVID\.m2\repository\org\jboss\weld\environment\weld-environment-common\6.0.0.Alpha1\weld-environment-common-6.0.0.Alpha1.jar;C:\Users\DAVID\.m2\repository\org\jboss\weld\weld-lite-extension-translator\6.0.0.Alpha1\weld-lite-extension-translator-6.0.0.Alpha1.jar;C:\Users\DAVID\.m2\repository\jakarta\interceptor\jakarta.interceptor-api\2.2.0-RC1\jakarta.interceptor-api-2.2.0-RC1.jar;C:\Users\DAVID\.m2\repository\org\jboss\logging\jboss-logging-processor\2.2.1.Final\jboss-logging-processor-2.2.1.Final.jar;C:\Users\DAVID\.m2\repository\org\jboss\logging\jboss-logging-annotations\2.2.1.Final\jboss-logging-annotations-2.2.1.Final.jar;C:\Users\DAVID\.m2\repository\org\jboss\jdeparser\jdeparser\2.0.3.Final\jdeparser-2.0.3.Final.jar;C:\Users\DAVID\.m2\repository\jakarta\enterprise\jakarta.enterprise.cdi-api\4.1.0.Alpha1\jakarta.enterprise.cdi-api-4.1.0.Alpha1.jar;C:\Users\DAVID\.m2\repository\jakarta\enterprise\jakarta.enterprise.lang-model\4.1.0.Alpha1\jakarta.enterprise.lang-model-4.1.0.Alpha1.jar;C:\Users\DAVID\.m2\repository\jakarta\annotation\jakarta.annotation-api\2.1.0\jakarta.annotation-api-2.1.0.jar;C:\Users\DAVID\.m2\repository\jakarta\inject\jakarta.inject-api\2.0.1\jakarta.inject-api-2.0.1.jar;C:\Users\DAVID\.m2\repository\org\jboss\classfilewriter\jboss-classfilewriter\1.3.0.Final\jboss-classfilewriter-1.3.0.Final.jar;C:\Users\DAVID\.m2\repository\org\jboss\weld\module\weld-web\6.0.0.Alpha1\weld-web-6.0.0.Alpha1.jar;C:\Users\DAVID\.m2\repository\org\jboss\weld\weld-api\6.0.Alpha1\weld-api-6.0.Alpha1.jar;C:\Users\DAVID\.m2\repository\org\jboss\weld\weld-core-impl\6.0.0.Alpha1\weld-core-impl-6.0.0.Alpha1.jar;C:\Users\DAVID\.m2\repository\org\jboss\weld\weld-spi\6.0.Alpha1\weld-spi-6.0.Alpha1.jar;C:\Users\DAVID\.m2\repository\jakarta\el\jakarta.el-api\5.0.1\jakarta.el-api-5.0.1.jar;C:\Users\DAVID\.m2\repository\org\jboss\logging\jboss-logging\3.5.0.Final\jboss-logging-3.5.0.Final.jar;C:\Users\DAVID\.m2\repository\org\apache\commons\commons-lang3\3.7\commons-lang3-3.7.jar;C:\Users\DAVID\.m2\repository\com\mashape\unirest\unirest-java\1.4.9\unirest-java-1.4.9.jar;C:\Users\DAVID\.m2\repository\org\apache\httpcomponents\httpclient\4.5.2\httpclient-4.5.2.jar;C:\Users\DAVID\.m2\repository\org\apache\httpcomponents\httpcore\4.4.4\httpcore-4.4.4.jar;C:\Users\DAVID\.m2\repository\commons-logging\commons-logging\1.2\commons-logging-1.2.jar;C:\Users\DAVID\.m2\repository\commons-codec\commons-codec\1.9\commons-codec-1.9.jar;C:\Users\DAVID\.m2\repository\org\apache\httpcomponents\httpasyncclient\4.1.1\httpasyncclient-4.1.1.jar;C:\Users\DAVID\.m2\repository\org\apache\httpcomponents\httpcore-nio\4.4.4\httpcore-nio-4.4.4.jar;C:\Users\DAVID\.m2\repository\org\apache\httpcomponents\httpmime\4.5.2\httpmime-4.5.2.jar;C:\Users\DAVID\.m2\repository\com\squareup\okhttp3\okhttp\5.0.0-alpha.12\okhttp-5.0.0-alpha.12.jar;C:\Users\DAVID\.m2\repository\com\squareup\okhttp3\okhttp-jvm\5.0.0-alpha.12\okhttp-jvm-5.0.0-alpha.12.jar;C:\Users\DAVID\.m2\repository\com\squareup\okio\okio-jvm\3.7.0\okio-jvm-3.7.0.jar;C:\Users\DAVID\.m2\repository\com\squareup\okio\okio\2.2.2\okio-2.2.2.jar;C:\Users\DAVID\.m2\repository\commons-io\commons-io\2.15.1\commons-io-2.15.1.jar;"/>
    <property name="sun.cpu.endian" value="little"/>
    <property name="user.home" value="C:\Users\DAVID"/>
    <property name="user.language" value="en"/>
    <property name="java.specification.vendor" value="Oracle Corporation"/>
    <property name="java.home" value="C:\Users\DAVID\.jdks\temurin-1.8.0_402\jre"/>
    <property name="basedir" value="D:\probafeladat\teszteles\anagram"/>
    <property name="file.separator" value="\"/>
    <property name="line.separator" value="&#10;"/>
    <property name="java.vm.specification.vendor" value="Oracle Corporation"/>
    <property name="java.specification.name" value="Java Platform API Specification"/>
    <property name="java.awt.graphicsenv" value="sun.awt.Win32GraphicsEnvironment"/>
    <property name="surefire.real.class.path" value="C:\Users\DAVID\AppData\Local\Temp\surefire2364166866533804630\surefirebooter-20240124175209020_3.jar"/>
    <property name="sun.boot.class.path" value="C:\Users\DAVID\.jdks\temurin-1.8.0_402\jre\lib\resources.jar;C:\Users\DAVID\.jdks\temurin-1.8.0_402\jre\lib\rt.jar;C:\Users\DAVID\.jdks\temurin-1.8.0_402\jre\lib\sunrsasign.jar;C:\Users\DAVID\.jdks\temurin-1.8.0_402\jre\lib\jsse.jar;C:\Users\DAVID\.jdks\temurin-1.8.0_402\jre\lib\jce.jar;C:\Users\DAVID\.jdks\temurin-1.8.0_402\jre\lib\charsets.jar;C:\Users\DAVID\.jdks\temurin-1.8.0_402\jre\lib\jfr.jar;C:\Users\DAVID\.jdks\temurin-1.8.0_402\jre\classes"/>
    <property name="user.script" value=""/>
    <property name="sun.management.compiler" value="HotSpot 64-Bit Tiered Compilers"/>
    <property name="java.runtime.version" value="1.8.0_402-b06"/>
    <property name="user.name" value="DAVID"/>
    <property name="path.separator" value=";"/>
    <property name="os.version" value="10.0"/>
    <property name="java.endorsed.dirs" value="C:\Users\DAVID\.jdks\temurin-1.8.0_402\jre\lib\endorsed"/>
    <property name="java.runtime.name" value="OpenJDK Runtime Environment"/>
    <property name="file.encoding" value="Cp1250"/>
    <property name="java.vm.name" value="OpenJDK 64-Bit Server VM"/>
    <property name="localRepository" value="C:\Users\DAVID\.m2\repository"/>
    <property name="java.vendor.url.bug" value="https://github.com/adoptium/adoptium-support/issues"/>
    <property name="java.io.tmpdir" value="C:\Users\DAVID\AppData\Local\Temp\"/>
    <property name="idea.version" value="2022.3.3"/>
    <property name="java.version" value="1.8.0_402"/>
    <property name="user.dir" value="D:\probafeladat\teszteles\anagram"/>
    <property name="os.arch" value="amd64"/>
    <property name="java.vm.specification.name" value="Java Virtual Machine Specification"/>
    <property name="java.awt.printerjob" value="sun.awt.windows.WPrinterJob"/>
    <property name="user.language.format" value="hu"/>
    <property name="sun.os.patch.level" value=""/>
    <property name="java.library.path" value="C:\Users\DAVID\.jdks\temurin-1.8.0_402\jre\bin;C:\WINDOWS\Sun\Java\bin;C:\WINDOWS\system32;C:\WINDOWS;C:\Program Files\Common Files\Oracle\Java\javapath;C:\Program Files (x86)\Common Files\Oracle\Java\javapath;C:\Program Files\Eclipse Adoptium\jdk-11.0.18.10-hotspot\bin;C:\Program Files (x86)\Common Files\Intel\Shared Libraries\redist\intel64\compiler;C:\Users\DAVID\AppData\Local\Programs\Python\Python310;C:\Windows\system32;C:\Windows;C:\Windows\System32\Wbem;C:\Windows\System32\WindowsPowerShell\v1.0\;C:\Windows\System32\OpenSSH\;C:\Program Files\NVIDIA Corporation\NVIDIA NvDLISR;C:\Users\DAVID\.dnx\bin;C:\Program Files\Microsoft DNX\Dnvm\;C:\Program Files\Microsoft SQL Server\130\Tools\Binn\;C:\Program Files\dotnet\;C:\Program Files (x86)\NVIDIA Corporation\PhysX\Common;D:\Program Files\Brackets\command;C:\WINDOWS\system32;C:\WINDOWS;C:\WINDOWS\System32\Wbem;C:\WINDOWS\System32\WindowsPowerShell\v1.0\;C:\WINDOWS\System32\OpenSSH\;C:\Program Files\Git\cmd;D:\Program Files\xampp\php;C:\Program Files\MySQL\MySQL Shell 8.0\bin\;C:\Program Files\Java\jdk-17\bin;C:\Program Files\Common Files\Oracle\Java\javapath;C:\Program Files\Eclipse Adoptium\jdk-11.0.18.10-hotspot\bin;C:\Program Files (x86)\Common Files\Intel\Shared Libraries\redist\intel64\compiler;C:\Users\DAVID\AppData\Local\Programs\Python\Python310\Scripts;C:\Program Files (x86)\Common Files\Oracle\Java\javapath;C:\Windows\system32;C:\Windows;C:\Windows\System32\Wbem;C:\Windows\System32\WindowsPowerShell\v1.0\;C:\Windows\System32\OpenSSH\;C:\Program Files\NVIDIA Corporation\NVIDIA NvDLISR;C:\Users\DAVID\.dnx\bin;C:\Program Files\Microsoft DNX\Dnvm\;C:\Program Files\Microsoft SQL Server\130\Tools\Binn\;C:\Program Files\dotnet\;C:\Program Files (x86)\NVIDIA Corporation\PhysX\Common;D:\Program Files\Brackets\command;C:\WINDOWS\system32;C:\WINDOWS;C:\WINDOWS\System32\Wbem;C:\WINDOWS\System32\WindowsPowerShell\v1.0\;C:\WINDOWS\System32\OpenSSH\;C:\Program Files\Git\cmd;C:\Users\DAVID\AppData\Local\Microsoft\WindowsApps;D:\Program Files\Fiddler;C:\Users\DAVID\AppData\Local\atom\bin;C:\texlive\2021\bin\win32;C:\Users\DAVID\AppDat;C:\Program Files\maven-3.9.4\bin;C:\Program Files\PostgreSQL\15\bin;;D:\Program Files (x86)\Microsoft VS Code\bin;D:\Program Files\PhpStorm 2023.2.3\bin;;."/>
    <property name="java.vm.info" value="mixed mode"/>
    <property name="java.vendor" value="Temurin"/>
    <property name="java.vm.version" value="25.402-b06"/>
    <property name="java.specification.maintenance.version" value="5"/>
    <property name="java.ext.dirs" value="C:\Users\DAVID\.jdks\temurin-1.8.0_402\jre\lib\ext;C:\WINDOWS\Sun\Java\lib\ext"/>
    <property name="sun.io.unicode.encoding" value="UnicodeLittle"/>
    <property name="java.class.version" value="52.0"/>
  </properties>
  <testcase name="testHello" classname="hello.HelloTest" time="0.023"/>
  <testcase name="testWordsAttribute" classname="hello.HelloTest" time="2.402">
    <failure message="expected:&lt;3&gt; but was:&lt;5&gt;" type="java.lang.AssertionError"><![CDATA[java.lang.AssertionError: expected:<3> but was:<5>
	at org.junit.Assert.fail(Assert.java:89)
	at org.junit.Assert.failNotEquals(Assert.java:835)
	at org.junit.Assert.assertEquals(Assert.java:647)
	at org.junit.Assert.assertEquals(Assert.java:633)
	at hello.HelloTest.testWordsAttribute(HelloTest.java:75)
	at sun.reflect.NativeMethodAccessorImpl.invoke0(Native Method)
	at sun.reflect.NativeMethodAccessorImpl.invoke(NativeMethodAccessorImpl.java:62)
	at sun.reflect.DelegatingMethodAccessorImpl.invoke(DelegatingMethodAccessorImpl.java:43)
	at java.lang.reflect.Method.invoke(Method.java:498)
	at org.junit.runners.model.FrameworkMethod$1.runReflectiveCall(FrameworkMethod.java:59)
	at org.junit.internal.runners.model.ReflectiveCallable.run(ReflectiveCallable.java:12)
	at org.junit.runners.model.FrameworkMethod.invokeExplosively(FrameworkMethod.java:56)
	at org.junit.internal.runners.statements.InvokeMethod.evaluate(InvokeMethod.java:17)
	at org.junit.runners.ParentRunner$3.evaluate(ParentRunner.java:306)
	at org.junit.runners.BlockJUnit4ClassRunner$1.evaluate(BlockJUnit4ClassRunner.java:100)
	at org.junit.runners.ParentRunner.runLeaf(ParentRunner.java:366)
	at org.junit.runners.BlockJUnit4ClassRunner.runChild(BlockJUnit4ClassRunner.java:103)
	at org.junit.runners.BlockJUnit4ClassRunner.runChild(BlockJUnit4ClassRunner.java:63)
	at org.junit.runners.ParentRunner$4.run(ParentRunner.java:331)
	at org.junit.runners.ParentRunner$1.schedule(ParentRunner.java:79)
	at org.junit.runners.ParentRunner.runChildren(ParentRunner.java:329)
	at org.junit.runners.ParentRunner.access$100(ParentRunner.java:66)
	at org.junit.runners.ParentRunner$2.evaluate(ParentRunner.java:293)
	at org.junit.runners.ParentRunner$3.evaluate(ParentRunner.java:306)
	at org.junit.runners.ParentRunner.run(ParentRunner.java:413)
	at org.apache.maven.surefire.junit4.JUnit4Provider.execute(JUnit4Provider.java:316)
	at org.apache.maven.surefire.junit4.JUnit4Provider.executeWithRerun(JUnit4Provider.java:240)
	at org.apache.maven.surefire.junit4.JUnit4Provider.executeTestSet(JUnit4Provider.java:214)
	at org.apache.maven.surefire.junit4.JUnit4Provider.invoke(JUnit4Provider.java:155)
	at org.apache.maven.surefire.booter.ForkedBooter.runSuitesInProcess(ForkedBooter.java:385)
	at org.apache.maven.surefire.booter.ForkedBooter.execute(ForkedBooter.java:162)
	at org.apache.maven.surefire.booter.ForkedBooter.run(ForkedBooter.java:507)
	at org.apache.maven.surefire.booter.ForkedBooter.main(ForkedBooter.java:495)
]]></failure>
    <system-out><![CDATA[[WordApiResponse{word='pale', phonetic='/peɪl/', meanings=[Meaning{partOfSpeech='noun', definitions=[Definition{definition='Paleness; pallor.', example='null'}]}, Meaning{partOfSpeech='verb', definitions=[Definition{definition='To turn pale; to lose colour.', example='null'}, Definition{definition='To become insignificant.', example='null'}, Definition{definition='To make pale; to diminish the brightness of.', example='null'}]}, Meaning{partOfSpeech='adjective', definitions=[Definition{definition='Light in color.', example='I have pale yellow wallpaper.'}, Definition{definition='(of human skin) Having a pallor (a light color, especially due to sickness, shock, fright etc.).', example='His face turned pale after hearing about his mother's death.'}, Definition{definition='Feeble, faint.', example='He is but a pale shadow of his former self.'}]}]}, WordApiResponse{word='pale', phonetic='/peɪl/', meanings=[Meaning{partOfSpeech='noun', definitions=[Definition{definition='A wooden stake; a picket.', example='null'}, Definition{definition='Fence made from wooden stake; palisade.', example='null'}, Definition{definition='(by extension) Limits, bounds (especially before of).', example='null'}, Definition{definition='The bounds of morality, good behaviour or judgment in civilized company, in the phrase beyond the pale.', example='null'}, Definition{definition='A vertical band down the middle of a shield.', example='null'}, Definition{definition='A territory or defensive area within a specific boundary or under a given jurisdiction.', example='null'}, Definition{definition='The jurisdiction (territorial or otherwise) of an authority.', example='null'}, Definition{definition='A cheese scoop.', example='null'}, Definition{definition='A shore for bracing a timber before it is fastened.', example='null'}]}, Meaning{partOfSpeech='verb', definitions=[Definition{definition='To enclose with pales, or as if with pales; to encircle or encompass; to fence off.', example='null'}]}]}]
[WordApiResponse{word='plea', phonetic='/pliː/', meanings=[Meaning{partOfSpeech='noun', definitions=[Definition{definition='An appeal, petition, urgent prayer or entreaty.', example='a plea for mercy'}, Definition{definition='An excuse; an apology.', example='null'}, Definition{definition='That which is alleged or pleaded, in defense or in justification.', example='null'}, Definition{definition='That which is alleged by a party in support of his cause.', example='null'}, Definition{definition='An allegation of fact in a cause, as distinguished from a demurrer.', example='null'}, Definition{definition='The defendant’s answer to the plaintiff’s declaration and demand.', example='null'}, Definition{definition='A cause in court; a lawsuit; as, the Court of Common Pleas.', example='null'}]}, Meaning{partOfSpeech='verb', definitions=[Definition{definition='To plead; to argue.', example='null'}]}]}]
[WordApiResponse{word='peal', phonetic='/piːl/', meanings=[Meaning{partOfSpeech='noun', definitions=[Definition{definition='A loud sound, or a succession of loud sounds, as of bells, thunder, cannon, shouts, laughter, of a multitude, etc.', example='null'}, Definition{definition='A set of bells tuned to each other according to the diatonic scale.', example='null'}, Definition{definition='The changes rung on a set of bells.', example='null'}]}, Meaning{partOfSpeech='verb', definitions=[Definition{definition='To sound with a peal or peals.', example='null'}, Definition{definition='To utter or sound loudly.', example='null'}, Definition{definition='To assail with noise.', example='null'}, Definition{definition='To resound; to echo.', example='null'}, Definition{definition='To pour out.', example='null'}, Definition{definition='To appeal.', example='null'}]}]}, WordApiResponse{word='peal', phonetic='/piːl/', meanings=[Meaning{partOfSpeech='noun', definitions=[Definition{definition='A small salmon; a grilse; a sewin.', example='null'}]}]}]
]]></system-out>
  </testcase>
  <testcase name="testRightPermutations" classname="hello.HelloTest" time="0.07"/>
  <testcase name="testAllPermutation" classname="hello.HelloTest" time="0.0"/>
</testsuite>