<?xml version="1.0" encoding="UTF-8"?>
<testsuite xmlns:xsi="http://www.w3.org/2001/XMLSchema-instance" xsi:noNamespaceSchemaLocation="https://maven.apache.org/surefire/maven-surefire-plugin/xsd/surefire-test-report-3.0.xsd" version="3.0" name="hello.HelloTest" time="2.05" tests="4" errors="0" skipped="0" failures="0">
  <properties>
    <property name="sun.desktop" value="windows"/>
    <property name="awt.toolkit" value="sun.awt.windows.WToolkit"/>
    <property name="file.encoding.pkg" value="sun.io"/>
    <property name="java.specification.version" value="1.8"/>
    <property name="sun.cpu.isalist" value="amd64"/>
    <property name="sun.jnu.encoding" value="Cp1250"/>
    <property name="java.class.path" value="D:\probafeladat\teszteles\anagram\target\test-classes;D:\probafeladat\teszteles\anagram\target\classes;C:\Users\DAVID\.m2\repository\com\google\code\gson\gson\2.10.1\gson-2.10.1.jar;C:\Users\DAVID\.m2\repository\org\jetbrains\kotlin\kotlin-stdlib-jdk8\1.9.22\kotlin-stdlib-jdk8-1.9.22.jar;C:\Users\DAVID\.m2\repository\org\jetbrains\kotlin\kotlin-stdlib\1.9.22\kotlin-stdlib-1.9.22.jar;C:\Users\DAVID\.m2\repository\org\jetbrains\annotations\13.0\annotations-13.0.jar;C:\Users\DAVID\.m2\repository\org\jetbrains\kotlin\kotlin-stdlib-jdk7\1.9.22\kotlin-stdlib-jdk7-1.9.22.jar;C:\Users\DAVID\.m2\repository\javax\javaee-api\8.0.1\javaee-api-8.0.1.jar;C:\Users\DAVID\.m2\repository\com\sun\mail\javax.mail\1.6.2\javax.mail-1.6.2.jar;C:\Users\DAVID\.m2\repository\javax\activation\activation\1.1\activation-1.1.jar;C:\Users\DAVID\.m2\repository\org\json\json\20231013\json-20231013.jar;C:\Users\DAVID\.m2\repository\com\google\guava\guava\33.0.0-jre\guava-33.0.0-jre.jar;C:\Users\DAVID\.m2\repository\com\google\guava\failureaccess\1.0.2\failureaccess-1.0.2.jar;C:\Users\DAVID\.m2\repository\com\google\guava\listenablefuture\9999.0-empty-to-avoid-conflict-with-guava\listenablefuture-9999.0-empty-to-avoid-conflict-with-guava.jar;C:\Users\DAVID\.m2\repository\com\google\code\findbugs\jsr305\3.0.2\jsr305-3.0.2.jar;C:\Users\DAVID\.m2\repository\org\checkerframework\checker-qual\3.41.0\checker-qual-3.41.0.jar;C:\Users\DAVID\.m2\repository\com\google\errorprone\error_prone_annotations\2.23.0\error_prone_annotations-2.23.0.jar;C:\Users\DAVID\.m2\repository\com\google\j2objc\j2objc-annotations\2.8\j2objc-annotations-2.8.jar;C:\Users\DAVID\.m2\repository\org\eclipse\jdt\org.eclipse.jdt.annotation\2.2.800\org.eclipse.jdt.annotation-2.2.800.jar;C:\Users\DAVID\.m2\repository\junit\junit\4.13.2\junit-4.13.2.jar;C:\Users\DAVID\.m2\repository\org\hamcrest\hamcrest-core\1.3\hamcrest-core-1.3.jar;C:\Users\DAVID\.m2\repository\org\hamcrest\hamcrest\2.2\hamcrest-2.2.jar;C:\Users\DAVID\.m2\repository\uk\co\datumedge\hamcrest-json\0.3\hamcrest-json-0.3.jar;C:\Users\DAVID\.m2\repository\org\skyscreamer\jsonassert\1.5.1\jsonassert-1.5.1.jar;C:\Users\DAVID\.m2\repository\com\vaadin\external\google\android-json\0.0.20131108.vaadin1\android-json-0.0.20131108.vaadin1.jar;C:\Users\DAVID\.m2\repository\org\mockito\mockito-core\5.9.0\mockito-core-5.9.0.jar;C:\Users\DAVID\.m2\repository\net\bytebuddy\byte-buddy\1.14.11\byte-buddy-1.14.11.jar;C:\Users\DAVID\.m2\repository\net\bytebuddy\byte-buddy-agent\1.14.11\byte-buddy-agent-1.14.11.jar;C:\Users\DAVID\.m2\repository\org\objenesis\objenesis\3.3\objenesis-3.3.jar;C:\Users\DAVID\.m2\repository\org\jglue\cdi-unit\cdi-unit\4.1.0\cdi-unit-4.1.0.jar;C:\Users\DAVID\.m2\repository\org\javassist\javassist\3.18.1-GA\javassist-3.18.1-GA.jar;C:\Users\DAVID\.m2\repository\io\github\classgraph\classgraph\4.1.2\classgraph-4.1.2.jar;C:\Users\DAVID\.m2\repository\org\slf4j\slf4j-api\1.7.5\slf4j-api-1.7.5.jar;C:\Users\DAVID\.m2\repository\org\apache\deltaspike\core\deltaspike-core-impl\1.0.1\deltaspike-core-impl-1.0.1.jar;C:\Users\DAVID\.m2\repository\org\apache\deltaspike\core\deltaspike-core-api\1.0.1\deltaspike-core-api-1.0.1.jar;C:\Users\DAVID\.m2\repository\org\jboss\resteasy\resteasy-jaxrs\3.0.14.Final\resteasy-jaxrs-3.0.14.Final.jar;C:\Users\DAVID\.m2\repository\org\jboss\spec\javax\ws\rs\jboss-jaxrs-api_2.0_spec\1.0.0.Final\jboss-jaxrs-api_2.0_spec-1.0.0.Final.jar;C:\Users\DAVID\.m2\repository\org\jboss\spec\javax\annotation\jboss-annotations-api_1.2_spec\1.0.0.Final\jboss-annotations-api_1.2_spec-1.0.0.Final.jar;C:\Users\DAVID\.m2\repository\net\jcip\jcip-annotations\1.0\jcip-annotations-1.0.jar;C:\Users\DAVID\.m2\repository\org\jboss\weld\se\weld-se-core\6.0.0.Alpha1\weld-se-core-6.0.0.Alpha1.jar;C:\Users\DAVID\.m2\repository\org\jboss\weld\environment\weld-environment-common\6.0.0.Alpha1\weld-environment-common-6.0.0.Alpha1.jar;C:\Users\DAVID\.m2\repository\org\jboss\weld\weld-lite-extension-translator\6.0.0.Alpha1\weld-lite-extension-translator-6.0.0.Alpha1.jar;C:\Users\DAVID\.m2\repository\jakarta\interceptor\jakarta.interceptor-api\2.2.0-RC1\jakarta.interceptor-api-2.2.0-RC1.jar;C:\Users\DAVID\.m2\repository\org\jboss\logging\jboss-logging-processor\2.2.1.Final\jboss-logging-processor-2.2.1.Final.jar;C:\Users\DAVID\.m2\repository\org\jboss\logging\jboss-logging-annotations\2.2.1.Final\jboss-logging-annotations-2.2.1.Final.jar;C:\Users\DAVID\.m2\repository\org\jboss\jdeparser\jdeparser\2.0.3.Final\jdeparser-2.0.3.Final.jar;C:\Users\DAVID\.m2\repository\jakarta\enterprise\jakarta.enterprise.cdi-api\4.1.0.Alpha1\jakarta.enterprise.cdi-api-4.1.0.Alpha1.jar;C:\Users\DAVID\.m2\repository\jakarta\enterprise\jakarta.enterprise.lang-model\4.1.0.Alpha1\jakarta.enterprise.lang-model-4.1.0.Alpha1.jar;C:\Users\DAVID\.m2\repository\jakarta\annotation\jakarta.annotation-api\2.1.0\jakarta.annotation-api-2.1.0.jar;C:\Users\DAVID\.m2\repository\jakarta\inject\jakarta.inject-api\2.0.1\jakarta.inject-api-2.0.1.jar;C:\Users\DAVID\.m2\repository\org\jboss\classfilewriter\jboss-classfilewriter\1.3.0.Final\jboss-classfilewriter-1.3.0.Final.jar;C:\Users\DAVID\.m2\repository\org\jboss\weld\module\weld-web\6.0.0.Alpha1\weld-web-6.0.0.Alpha1.jar;C:\Users\DAVID\.m2\repository\org\jboss\weld\weld-api\6.0.Alpha1\weld-api-6.0.Alpha1.jar;C:\Users\DAVID\.m2\repository\org\jboss\weld\weld-core-impl\6.0.0.Alpha1\weld-core-impl-6.0.0.Alpha1.jar;C:\Users\DAVID\.m2\repository\org\jboss\weld\weld-spi\6.0.Alpha1\weld-spi-6.0.Alpha1.jar;C:\Users\DAVID\.m2\repository\jakarta\el\jakarta.el-api\5.0.1\jakarta.el-api-5.0.1.jar;C:\Users\DAVID\.m2\repository\org\jboss\logging\jboss-logging\3.5.0.Final\jboss-logging-3.5.0.Final.jar;C:\Users\DAVID\.m2\repository\org\apache\commons\commons-lang3\3.7\commons-lang3-3.7.jar;C:\Users\DAVID\.m2\repository\com\mashape\unirest\unirest-java\1.4.9\unirest-java-1.4.9.jar;C:\Users\DAVID\.m2\repository\org\apache\httpcomponents\httpclient\4.5.2\httpclient-4.5.2.jar;C:\Users\DAVID\.m2\repository\org\apache\httpcomponents\httpcore\4.4.4\httpcore-4.4.4.jar;C:\Users\DAVID\.m2\repository\commons-logging\commons-logging\1.2\commons-logging-1.2.jar;C:\Users\DAVID\.m2\repository\commons-codec\commons-codec\1.9\commons-codec-1.9.jar;C:\Users\DAVID\.m2\repository\org\apache\httpcomponents\httpasyncclient\4.1.1\httpasyncclient-4.1.1.jar;C:\Users\DAVID\.m2\repository\org\apache\httpcomponents\httpcore-nio\4.4.4\httpcore-nio-4.4.4.jar;C:\Users\DAVID\.m2\repository\org\apache\httpcomponents\httpmime\4.5.2\httpmime-4.5.2.jar;C:\Users\DAVID\.m2\repository\com\squareup\okhttp3\okhttp\5.0.0-alpha.12\okhttp-5.0.0-alpha.12.jar;C:\Users\DAVID\.m2\repository\com\squareup\okhttp3\okhttp-jvm\5.0.0-alpha.12\okhttp-jvm-5.0.0-alpha.12.jar;C:\Users\DAVID\.m2\repository\com\squareup\okio\okio-jvm\3.7.0\okio-jvm-3.7.0.jar;C:\Users\DAVID\.m2\repository\com\squareup\okio\okio\2.2.2\okio-2.2.2.jar;C:\Users\DAVID\.m2\repository\commons-io\commons-io\2.15.1\commons-io-2.15.1.jar;"/>
    <property name="java.vm.vendor" value="Temurin"/>
    <property name="sun.arch.data.model" value="64"/>
    <property name="user.variant" value=""/>
    <property name="java.vendor.url" value="https://adoptium.net/"/>
    <property name="user.timezone" value="Europe/Prague"/>
    <property name="user.country.format" value="HU"/>
    <property name="java.vm.specification.version" value="1.8"/>
    <property name="os.name" value="Windows 10"/>
    <property name="user.country" value="GB"/>
    <property name="sun.java.launcher" value="SUN_STANDARD"/>
    <property name="sun.boot.library.path" value="C:\Users\DAVID\.jdks\temurin-1.8.0_402\jre\bin"/>
    <property name="sun.java.command" value="C:\Users\DAVID\AppData\Local\Temp\surefire7770361106754421626\surefirebooter-20240123200550861_3.jar C:\Users\DAVID\AppData\Local\Temp\surefire7770361106754421626 2024-01-23T20-05-50_582-jvmRun1 surefire-20240123200550861_1tmp surefire_0-20240123200550861_2tmp"/>
    <property name="surefire.test.class.path" value="D:\probafeladat\teszteles\anagram\target\test-classes;D:\probafeladat\teszteles\anagram\target\classes;C:\Users\DAVID\.m2\repository\com\google\code\gson\gson\2.10.1\gson-2.10.1.jar;C:\Users\DAVID\.m2\repository\org\jetbrains\kotlin\kotlin-stdlib-jdk8\1.9.22\kotlin-stdlib-jdk8-1.9.22.jar;C:\Users\DAVID\.m2\repository\org\jetbrains\kotlin\kotlin-stdlib\1.9.22\kotlin-stdlib-1.9.22.jar;C:\Users\DAVID\.m2\repository\org\jetbrains\annotations\13.0\annotations-13.0.jar;C:\Users\DAVID\.m2\repository\org\jetbrains\kotlin\kotlin-stdlib-jdk7\1.9.22\kotlin-stdlib-jdk7-1.9.22.jar;C:\Users\DAVID\.m2\repository\javax\javaee-api\8.0.1\javaee-api-8.0.1.jar;C:\Users\DAVID\.m2\repository\com\sun\mail\javax.mail\1.6.2\javax.mail-1.6.2.jar;C:\Users\DAVID\.m2\repository\javax\activation\activation\1.1\activation-1.1.jar;C:\Users\DAVID\.m2\repository\org\json\json\20231013\json-20231013.jar;C:\Users\DAVID\.m2\repository\com\google\guava\guava\33.0.0-jre\guava-33.0.0-jre.jar;C:\Users\DAVID\.m2\repository\com\google\guava\failureaccess\1.0.2\failureaccess-1.0.2.jar;C:\Users\DAVID\.m2\repository\com\google\guava\listenablefuture\9999.0-empty-to-avoid-conflict-with-guava\listenablefuture-9999.0-empty-to-avoid-conflict-with-guava.jar;C:\Users\DAVID\.m2\repository\com\google\code\findbugs\jsr305\3.0.2\jsr305-3.0.2.jar;C:\Users\DAVID\.m2\repository\org\checkerframework\checker-qual\3.41.0\checker-qual-3.41.0.jar;C:\Users\DAVID\.m2\repository\com\google\errorprone\error_prone_annotations\2.23.0\error_prone_annotations-2.23.0.jar;C:\Users\DAVID\.m2\repository\com\google\j2objc\j2objc-annotations\2.8\j2objc-annotations-2.8.jar;C:\Users\DAVID\.m2\repository\org\eclipse\jdt\org.eclipse.jdt.annotation\2.2.800\org.eclipse.jdt.annotation-2.2.800.jar;C:\Users\DAVID\.m2\repository\junit\junit\4.13.2\junit-4.13.2.jar;C:\Users\DAVID\.m2\repository\org\hamcrest\hamcrest-core\1.3\hamcrest-core-1.3.jar;C:\Users\DAVID\.m2\repository\org\hamcrest\hamcrest\2.2\hamcrest-2.2.jar;C:\Users\DAVID\.m2\repository\uk\co\datumedge\hamcrest-json\0.3\hamcrest-json-0.3.jar;C:\Users\DAVID\.m2\repository\org\skyscreamer\jsonassert\1.5.1\jsonassert-1.5.1.jar;C:\Users\DAVID\.m2\repository\com\vaadin\external\google\android-json\0.0.20131108.vaadin1\android-json-0.0.20131108.vaadin1.jar;C:\Users\DAVID\.m2\repository\org\mockito\mockito-core\5.9.0\mockito-core-5.9.0.jar;C:\Users\DAVID\.m2\repository\net\bytebuddy\byte-buddy\1.14.11\byte-buddy-1.14.11.jar;C:\Users\DAVID\.m2\repository\net\bytebuddy\byte-buddy-agent\1.14.11\byte-buddy-agent-1.14.11.jar;C:\Users\DAVID\.m2\repository\org\objenesis\objenesis\3.3\objenesis-3.3.jar;C:\Users\DAVID\.m2\repository\org\jglue\cdi-unit\cdi-unit\4.1.0\cdi-unit-4.1.0.jar;C:\Users\DAVID\.m2\repository\org\javassist\javassist\3.18.1-GA\javassist-3.18.1-GA.jar;C:\Users\DAVID\.m2\repository\io\github\classgraph\classgraph\4.1.2\classgraph-4.1.2.jar;C:\Users\DAVID\.m2\repository\org\slf4j\slf4j-api\1.7.5\slf4j-api-1.7.5.jar;C:\Users\DAVID\.m2\repository\org\apache\deltaspike\core\deltaspike-core-impl\1.0.1\deltaspike-core-impl-1.0.1.jar;C:\Users\DAVID\.m2\repository\org\apache\deltaspike\core\deltaspike-core-api\1.0.1\deltaspike-core-api-1.0.1.jar;C:\Users\DAVID\.m2\repository\org\jboss\resteasy\resteasy-jaxrs\3.0.14.Final\resteasy-jaxrs-3.0.14.Final.jar;C:\Users\DAVID\.m2\repository\org\jboss\spec\javax\ws\rs\jboss-jaxrs-api_2.0_spec\1.0.0.Final\jboss-jaxrs-api_2.0_spec-1.0.0.Final.jar;C:\Users\DAVID\.m2\repository\org\jboss\spec\javax\annotation\jboss-annotations-api_1.2_spec\1.0.0.Final\jboss-annotations-api_1.2_spec-1.0.0.Final.jar;C:\Users\DAVID\.m2\repository\net\jcip\jcip-annotations\1.0\jcip-annotations-1.0.jar;C:\Users\DAVID\.m2\repository\org\jboss\weld\se\weld-se-core\6.0.0.Alpha1\weld-se-core-6.0.0.Alpha1.jar;C:\Users\DAVID\.m2\repository\org\jboss\weld\environment\weld-environment-common\6.0.0.Alpha1\weld-environment-common-6.0.0.Alpha1.jar;C:\Users\DAVID\.m2\repository\org\jboss\weld\weld-lite-extension-translator\6.0.0.Alpha1\weld-lite-extension-translator-6.0.0.Alpha1.jar;C:\Users\DAVID\.m2\repository\jakarta\interceptor\jakarta.interceptor-api\2.2.0-RC1\jakarta.interceptor-api-2.2.0-RC1.jar;C:\Users\DAVID\.m2\repository\org\jboss\logging\jboss-logging-processor\2.2.1.Final\jboss-logging-processor-2.2.1.Final.jar;C:\Users\DAVID\.m2\repository\org\jboss\logging\jboss-logging-annotations\2.2.1.Final\jboss-logging-annotations-2.2.1.Final.jar;C:\Users\DAVID\.m2\repository\org\jboss\jdeparser\jdeparser\2.0.3.Final\jdeparser-2.0.3.Final.jar;C:\Users\DAVID\.m2\repository\jakarta\enterprise\jakarta.enterprise.cdi-api\4.1.0.Alpha1\jakarta.enterprise.cdi-api-4.1.0.Alpha1.jar;C:\Users\DAVID\.m2\repository\jakarta\enterprise\jakarta.enterprise.lang-model\4.1.0.Alpha1\jakarta.enterprise.lang-model-4.1.0.Alpha1.jar;C:\Users\DAVID\.m2\repository\jakarta\annotation\jakarta.annotation-api\2.1.0\jakarta.annotation-api-2.1.0.jar;C:\Users\DAVID\.m2\repository\jakarta\inject\jakarta.inject-api\2.0.1\jakarta.inject-api-2.0.1.jar;C:\Users\DAVID\.m2\repository\org\jboss\classfilewriter\jboss-classfilewriter\1.3.0.Final\jboss-classfilewriter-1.3.0.Final.jar;C:\Users\DAVID\.m2\repository\org\jboss\weld\module\weld-web\6.0.0.Alpha1\weld-web-6.0.0.Alpha1.jar;C:\Users\DAVID\.m2\repository\org\jboss\weld\weld-api\6.0.Alpha1\weld-api-6.0.Alpha1.jar;C:\Users\DAVID\.m2\repository\org\jboss\weld\weld-core-impl\6.0.0.Alpha1\weld-core-impl-6.0.0.Alpha1.jar;C:\Users\DAVID\.m2\repository\org\jboss\weld\weld-spi\6.0.Alpha1\weld-spi-6.0.Alpha1.jar;C:\Users\DAVID\.m2\repository\jakarta\el\jakarta.el-api\5.0.1\jakarta.el-api-5.0.1.jar;C:\Users\DAVID\.m2\repository\org\jboss\logging\jboss-logging\3.5.0.Final\jboss-logging-3.5.0.Final.jar;C:\Users\DAVID\.m2\repository\org\apache\commons\commons-lang3\3.7\commons-lang3-3.7.jar;C:\Users\DAVID\.m2\repository\com\mashape\unirest\unirest-java\1.4.9\unirest-java-1.4.9.jar;C:\Users\DAVID\.m2\repository\org\apache\httpcomponents\httpclient\4.5.2\httpclient-4.5.2.jar;C:\Users\DAVID\.m2\repository\org\apache\httpcomponents\httpcore\4.4.4\httpcore-4.4.4.jar;C:\Users\DAVID\.m2\repository\commons-logging\commons-logging\1.2\commons-logging-1.2.jar;C:\Users\DAVID\.m2\repository\commons-codec\commons-codec\1.9\commons-codec-1.9.jar;C:\Users\DAVID\.m2\repository\org\apache\httpcomponents\httpasyncclient\4.1.1\httpasyncclient-4.1.1.jar;C:\Users\DAVID\.m2\repository\org\apache\httpcomponents\httpcore-nio\4.4.4\httpcore-nio-4.4.4.jar;C:\Users\DAVID\.m2\repository\org\apache\httpcomponents\httpmime\4.5.2\httpmime-4.5.2.jar;C:\Users\DAVID\.m2\repository\com\squareup\okhttp3\okhttp\5.0.0-alpha.12\okhttp-5.0.0-alpha.12.jar;C:\Users\DAVID\.m2\repository\com\squareup\okhttp3\okhttp-jvm\5.0.0-alpha.12\okhttp-jvm-5.0.0-alpha.12.jar;C:\Users\DAVID\.m2\repository\com\squareup\okio\okio-jvm\3.7.0\okio-jvm-3.7.0.jar;C:\Users\DAVID\.m2\repository\com\squareup\okio\okio\2.2.2\okio-2.2.2.jar;C:\Users\DAVID\.m2\repository\commons-io\commons-io\2.15.1\commons-io-2.15.1.jar;"/>
    <property name="sun.cpu.endian" value="little"/>
    <property name="user.home" value="C:\Users\DAVID"/>
    <property name="user.language" value="en"/>
    <property name="java.specification.vendor" value="Oracle Corporation"/>
    <property name="java.home" value="C:\Users\DAVID\.jdks\temurin-1.8.0_402\jre"/>
    <property name="basedir" value="D:\probafeladat\teszteles\anagram"/>
    <property name="file.separator" value="\"/>
    <property name="line.separator" value="&#10;"/>
    <property name="java.vm.specification.vendor" value="Oracle Corporation"/>
    <property name="java.specification.name" value="Java Platform API Specification"/>
    <property name="java.awt.graphicsenv" value="sun.awt.Win32GraphicsEnvironment"/>
    <property name="surefire.real.class.path" value="C:\Users\DAVID\AppData\Local\Temp\surefire7770361106754421626\surefirebooter-20240123200550861_3.jar"/>
    <property name="sun.boot.class.path" value="C:\Users\DAVID\.jdks\temurin-1.8.0_402\jre\lib\resources.jar;C:\Users\DAVID\.jdks\temurin-1.8.0_402\jre\lib\rt.jar;C:\Users\DAVID\.jdks\temurin-1.8.0_402\jre\lib\sunrsasign.jar;C:\Users\DAVID\.jdks\temurin-1.8.0_402\jre\lib\jsse.jar;C:\Users\DAVID\.jdks\temurin-1.8.0_402\jre\lib\jce.jar;C:\Users\DAVID\.jdks\temurin-1.8.0_402\jre\lib\charsets.jar;C:\Users\DAVID\.jdks\temurin-1.8.0_402\jre\lib\jfr.jar;C:\Users\DAVID\.jdks\temurin-1.8.0_402\jre\classes"/>
    <property name="user.script" value=""/>
    <property name="sun.management.compiler" value="HotSpot 64-Bit Tiered Compilers"/>
    <property name="java.runtime.version" value="1.8.0_402-b06"/>
    <property name="user.name" value="DAVID"/>
    <property name="path.separator" value=";"/>
    <property name="os.version" value="10.0"/>
    <property name="java.endorsed.dirs" value="C:\Users\DAVID\.jdks\temurin-1.8.0_402\jre\lib\endorsed"/>
    <property name="java.runtime.name" value="OpenJDK Runtime Environment"/>
    <property name="file.encoding" value="Cp1250"/>
    <property name="java.vm.name" value="OpenJDK 64-Bit Server VM"/>
    <property name="localRepository" value="C:\Users\DAVID\.m2\repository"/>
    <property name="java.vendor.url.bug" value="https://github.com/adoptium/adoptium-support/issues"/>
    <property name="java.io.tmpdir" value="C:\Users\DAVID\AppData\Local\Temp\"/>
    <property name="idea.version" value="2022.3.3"/>
    <property name="java.version" value="1.8.0_402"/>
    <property name="user.dir" value="D:\probafeladat\teszteles\anagram"/>
    <property name="os.arch" value="amd64"/>
    <property name="java.vm.specification.name" value="Java Virtual Machine Specification"/>
    <property name="java.awt.printerjob" value="sun.awt.windows.WPrinterJob"/>
    <property name="user.language.format" value="hu"/>
    <property name="sun.os.patch.level" value=""/>
    <property name="java.library.path" value="C:\Users\DAVID\.jdks\temurin-1.8.0_402\jre\bin;C:\WINDOWS\Sun\Java\bin;C:\WINDOWS\system32;C:\WINDOWS;C:\Program Files\Common Files\Oracle\Java\javapath;C:\Program Files (x86)\Common Files\Oracle\Java\javapath;C:\Program Files\Eclipse Adoptium\jdk-11.0.18.10-hotspot\bin;C:\Program Files (x86)\Common Files\Intel\Shared Libraries\redist\intel64\compiler;C:\Users\DAVID\AppData\Local\Programs\Python\Python310;C:\Windows\system32;C:\Windows;C:\Windows\System32\Wbem;C:\Windows\System32\WindowsPowerShell\v1.0\;C:\Windows\System32\OpenSSH\;C:\Program Files\NVIDIA Corporation\NVIDIA NvDLISR;C:\Users\DAVID\.dnx\bin;C:\Program Files\Microsoft DNX\Dnvm\;C:\Program Files\Microsoft SQL Server\130\Tools\Binn\;C:\Program Files\dotnet\;C:\Program Files (x86)\NVIDIA Corporation\PhysX\Common;D:\Program Files\Brackets\command;C:\WINDOWS\system32;C:\WINDOWS;C:\WINDOWS\System32\Wbem;C:\WINDOWS\System32\WindowsPowerShell\v1.0\;C:\WINDOWS\System32\OpenSSH\;C:\Program Files\Git\cmd;D:\Program Files\xampp\php;C:\Program Files\MySQL\MySQL Shell 8.0\bin\;C:\Program Files\Java\jdk-17\bin;C:\Program Files\Common Files\Oracle\Java\javapath;C:\Program Files\Eclipse Adoptium\jdk-11.0.18.10-hotspot\bin;C:\Program Files (x86)\Common Files\Intel\Shared Libraries\redist\intel64\compiler;C:\Users\DAVID\AppData\Local\Programs\Python\Python310\Scripts;C:\Program Files (x86)\Common Files\Oracle\Java\javapath;C:\Windows\system32;C:\Windows;C:\Windows\System32\Wbem;C:\Windows\System32\WindowsPowerShell\v1.0\;C:\Windows\System32\OpenSSH\;C:\Program Files\NVIDIA Corporation\NVIDIA NvDLISR;C:\Users\DAVID\.dnx\bin;C:\Program Files\Microsoft DNX\Dnvm\;C:\Program Files\Microsoft SQL Server\130\Tools\Binn\;C:\Program Files\dotnet\;C:\Program Files (x86)\NVIDIA Corporation\PhysX\Common;D:\Program Files\Brackets\command;C:\WINDOWS\system32;C:\WINDOWS;C:\WINDOWS\System32\Wbem;C:\WINDOWS\System32\WindowsPowerShell\v1.0\;C:\WINDOWS\System32\OpenSSH\;C:\Program Files\Git\cmd;C:\Users\DAVID\AppData\Local\Microsoft\WindowsApps;D:\Program Files\Fiddler;C:\Users\DAVID\AppData\Local\atom\bin;C:\texlive\2021\bin\win32;C:\Users\DAVID\AppDat;C:\Program Files\maven-3.9.4\bin;C:\Program Files\PostgreSQL\15\bin;;D:\Program Files (x86)\Microsoft VS Code\bin;D:\Program Files\PhpStorm 2023.2.3\bin;;."/>
    <property name="java.vm.info" value="mixed mode"/>
    <property name="java.vendor" value="Temurin"/>
    <property name="java.vm.version" value="25.402-b06"/>
    <property name="java.specification.maintenance.version" value="5"/>
    <property name="java.ext.dirs" value="C:\Users\DAVID\.jdks\temurin-1.8.0_402\jre\lib\ext;C:\WINDOWS\Sun\Java\lib\ext"/>
    <property name="sun.io.unicode.encoding" value="UnicodeLittle"/>
    <property name="java.class.version" value="52.0"/>
  </properties>
  <testcase name="testHello" classname="hello.HelloTest" time="0.035"/>
  <testcase name="testWordsAttribute" classname="hello.HelloTest" time="1.866">
    <system-out><![CDATA[[WordApiResponse{word='got', phonetic='null', meanings=[Meaning{partOfSpeech='verb', definitions=[Definition{definition='(ditransitive) To obtain; to acquire.', example='I'm going to get a computer tomorrow from the discount store.'}, Definition{definition='To receive.', example='He got a severe reprimand for that.'}, Definition{definition='(in a perfect construction, with present-tense meaning) To have. See usage notes.', example='I've got a concert ticket for you.'}, Definition{definition='To fetch, bring, take.', example='Can you get my bag from the living-room, please?'}, Definition{definition='To become, or cause oneself to become.', example='I'm getting hungry; how about you?'}, Definition{definition='To cause to become; to bring about.', example='I can't get these boots off (or on).'}, Definition{definition='To cause to do.', example='I can't get it to work.'}, Definition{definition='To cause to come or go or move.', example='I got him to his room.'}, Definition{definition='To cause to be in a certain status or position.', example='Get him here at once.'}, Definition{definition='(with various prepositions, such as into, over, or behind; for specific idiomatic senses see individual entries get into, get over, etc.) To adopt, assume, arrive at, or progress towards (a certain position, location, state).', example='I'm getting into a muddle.'}, Definition{definition='To cover (a certain distance) while travelling.', example='to get a mile'}, Definition{definition='To begin (doing something or to do something).', example='After lunch we got chatting.'}, Definition{definition='To take or catch (a scheduled transportation service).', example='I normally get the 7:45 train.'}, Definition{definition='To respond to (a telephone call, a doorbell, etc).', example='Can you get that call, please? I'm busy.'}, Definition{definition='(followed by infinitive) To be able, be permitted, or have the opportunity (to do something desirable or ironically implied to be desirable).', example='Great. I get to clean the toilets today.'}, Definition{definition='To understand. (compare get it)', example='I don't get what you mean by "fun". This place sucks!'}, Definition{definition='To be told; be the recipient of (a question, comparison, opinion, etc.).', example='"You look just like Helen Mirren." / "I get that a lot."'}, Definition{definition='To be. Used to form the passive of verbs.', example='He got bitten by a dog.'}, Definition{definition='To become ill with or catch (a disease).', example='I went on holiday and got malaria.'}, Definition{definition='To catch out, trick successfully.', example='He keeps calling pretending to be my boss—it gets me every time.'}, Definition{definition='To perplex, stump.', example='That question's really got me.'}, Definition{definition='To find as an answer.', example='What did you get for question four?'}, Definition{definition='To bring to reckoning; to catch (as a criminal); to effect retribution.', example='I'm gonna get him for that.'}, Definition{definition='To hear completely; catch.', example='Sorry, I didn't get that. Could you repeat it?'}, Definition{definition='To getter.', example='I put the getter into the container to get the gases.'}, Definition{definition='To beget (of a father).', example='null'}, Definition{definition='To learn; to commit to memory; to memorize; sometimes with out.', example='to get a lesson;  to get out one's Greek lesson'}, Definition{definition='Used with a personal pronoun to indicate that someone is being pretentious or grandiose.', example='Get her with her new hairdo.'}, Definition{definition='To go, to leave; to scram.', example='null'}, Definition{definition='To kill.', example='They’re coming to get you, Barbara.'}, Definition{definition='To make acquisitions; to gain; to profit.', example='null'}, Definition{definition='To measure.', example='Did you get her temperature?'}]}]}]
[WordApiResponse{word='tog', phonetic='/tɒɡ/', meanings=[Meaning{partOfSpeech='noun', definitions=[Definition{definition='A cloak.', example='null'}, Definition{definition='A coat.', example='null'}, Definition{definition='A unit of thermal resistance, being ten times the temperature difference (in °C) between the two surfaces of a material when the flow of heat is equal to one watt per square metre', example='null'}]}, Meaning{partOfSpeech='verb', definitions=[Definition{definition='To dress (often with up or out).', example='null'}]}]}, WordApiResponse{word='tog', phonetic='null', meanings=[Meaning{partOfSpeech='adverb', definitions=[Definition{definition='At the same time, in the same place; in close association or proximity.', example='We went to school together.'}, Definition{definition='Into one place; into a single thing; combined.', example='He put all the parts together.'}, Definition{definition='In a relationship or partnership, for example a business relationship or a romantic partnership.', example='Bob and Andy went into business together.  Jenny and Mark have been together since they went on holiday to Mexico.'}, Definition{definition='Without intermission or interruption; continuously; uninterruptedly.', example='It has been raining four days together'}]}]}]
WordApiResponse{word='got', phonetic='null', meanings=[Meaning{partOfSpeech='verb', definitions=[Definition{definition='(ditransitive) To obtain; to acquire.', example='I'm going to get a computer tomorrow from the discount store.'}, Definition{definition='To receive.', example='He got a severe reprimand for that.'}, Definition{definition='(in a perfect construction, with present-tense meaning) To have. See usage notes.', example='I've got a concert ticket for you.'}, Definition{definition='To fetch, bring, take.', example='Can you get my bag from the living-room, please?'}, Definition{definition='To become, or cause oneself to become.', example='I'm getting hungry; how about you?'}, Definition{definition='To cause to become; to bring about.', example='I can't get these boots off (or on).'}, Definition{definition='To cause to do.', example='I can't get it to work.'}, Definition{definition='To cause to come or go or move.', example='I got him to his room.'}, Definition{definition='To cause to be in a certain status or position.', example='Get him here at once.'}, Definition{definition='(with various prepositions, such as into, over, or behind; for specific idiomatic senses see individual entries get into, get over, etc.) To adopt, assume, arrive at, or progress towards (a certain position, location, state).', example='I'm getting into a muddle.'}, Definition{definition='To cover (a certain distance) while travelling.', example='to get a mile'}, Definition{definition='To begin (doing something or to do something).', example='After lunch we got chatting.'}, Definition{definition='To take or catch (a scheduled transportation service).', example='I normally get the 7:45 train.'}, Definition{definition='To respond to (a telephone call, a doorbell, etc).', example='Can you get that call, please? I'm busy.'}, Definition{definition='(followed by infinitive) To be able, be permitted, or have the opportunity (to do something desirable or ironically implied to be desirable).', example='Great. I get to clean the toilets today.'}, Definition{definition='To understand. (compare get it)', example='I don't get what you mean by "fun". This place sucks!'}, Definition{definition='To be told; be the recipient of (a question, comparison, opinion, etc.).', example='"You look just like Helen Mirren." / "I get that a lot."'}, Definition{definition='To be. Used to form the passive of verbs.', example='He got bitten by a dog.'}, Definition{definition='To become ill with or catch (a disease).', example='I went on holiday and got malaria.'}, Definition{definition='To catch out, trick successfully.', example='He keeps calling pretending to be my boss—it gets me every time.'}, Definition{definition='To perplex, stump.', example='That question's really got me.'}, Definition{definition='To find as an answer.', example='What did you get for question four?'}, Definition{definition='To bring to reckoning; to catch (as a criminal); to effect retribution.', example='I'm gonna get him for that.'}, Definition{definition='To hear completely; catch.', example='Sorry, I didn't get that. Could you repeat it?'}, Definition{definition='To getter.', example='I put the getter into the container to get the gases.'}, Definition{definition='To beget (of a father).', example='null'}, Definition{definition='To learn; to commit to memory; to memorize; sometimes with out.', example='to get a lesson;  to get out one's Greek lesson'}, Definition{definition='Used with a personal pronoun to indicate that someone is being pretentious or grandiose.', example='Get her with her new hairdo.'}, Definition{definition='To go, to leave; to scram.', example='null'}, Definition{definition='To kill.', example='They’re coming to get you, Barbara.'}, Definition{definition='To make acquisitions; to gain; to profit.', example='null'}, Definition{definition='To measure.', example='Did you get her temperature?'}]}]}
WordApiResponse{word='tog', phonetic='/tɒɡ/', meanings=[Meaning{partOfSpeech='noun', definitions=[Definition{definition='A cloak.', example='null'}, Definition{definition='A coat.', example='null'}, Definition{definition='A unit of thermal resistance, being ten times the temperature difference (in °C) between the two surfaces of a material when the flow of heat is equal to one watt per square metre', example='null'}]}, Meaning{partOfSpeech='verb', definitions=[Definition{definition='To dress (often with up or out).', example='null'}]}]}
WordApiResponse{word='tog', phonetic='null', meanings=[Meaning{partOfSpeech='adverb', definitions=[Definition{definition='At the same time, in the same place; in close association or proximity.', example='We went to school together.'}, Definition{definition='Into one place; into a single thing; combined.', example='He put all the parts together.'}, Definition{definition='In a relationship or partnership, for example a business relationship or a romantic partnership.', example='Bob and Andy went into business together.  Jenny and Mark have been together since they went on holiday to Mexico.'}, Definition{definition='Without intermission or interruption; continuously; uninterruptedly.', example='It has been raining four days together'}]}]}
]]></system-out>
  </testcase>
  <testcase name="testRightPermutations" classname="hello.HelloTest" time="0.056"/>
  <testcase name="testAllPermutation" classname="hello.HelloTest" time="0.0"/>
</testsuite>